[2024-10-30 09:55:03] production.DEBUG: ErrorException: Undefined array key "category" in /home/updaxrzy/anyework.com/app/Jobs/Main/Service/Track.php:93
Stack trace:
#0 /home/updaxrzy/anyework.com/vendor/laravel/framework/src/Illuminate/Foundation/Bootstrap/HandleExceptions.php(254): Illuminate\Foundation\Bootstrap\HandleExceptions->handleError()
#1 /home/updaxrzy/anyework.com/app/Jobs/Main/Service/Track.php(93): Illuminate\Foundation\Bootstrap\HandleExceptions->Illuminate\Foundation\Bootstrap\{closure}()
#2 /home/updaxrzy/anyework.com/vendor/laravel/framework/src/Illuminate/Container/BoundMethod.php(36): App\Jobs\Main\Service\Track->handle()
#3 /home/updaxrzy/anyework.com/vendor/laravel/framework/src/Illuminate/Container/Util.php(41): Illuminate\Container\BoundMethod::Illuminate\Container\{closure}()
#4 /home/updaxrzy/anyework.com/vendor/laravel/framework/src/Illuminate/Container/BoundMethod.php(93): Illuminate\Container\Util::unwrapIfClosure()
#5 /home/updaxrzy/anyework.com/vendor/laravel/framework/src/Illuminate/Container/BoundMethod.php(35): Illuminate\Container\BoundMethod::callBoundMethod()
#6 /home/updaxrzy/anyework.com/vendor/laravel/framework/src/Illuminate/Container/Container.php(662): Illuminate\Container\BoundMethod::call()
#7 /home/updaxrzy/anyework.com/vendor/laravel/framework/src/Illuminate/Bus/Dispatcher.php(128): Illuminate\Container\Container->call()
#8 /home/updaxrzy/anyework.com/vendor/laravel/framework/src/Illuminate/Pipeline/Pipeline.php(141): Illuminate\Bus\Dispatcher->Illuminate\Bus\{closure}()
#9 /home/updaxrzy/anyework.com/vendor/laravel/framework/src/Illuminate/Pipeline/Pipeline.php(116): Illuminate\Pipeline\Pipeline->Illuminate\Pipeline\{closure}()
#10 /home/updaxrzy/anyework.com/vendor/laravel/framework/src/Illuminate/Bus/Dispatcher.php(132): Illuminate\Pipeline\Pipeline->then()
#11 /home/updaxrzy/anyework.com/vendor/laravel/framework/src/Illuminate/Queue/CallQueuedHandler.php(123): Illuminate\Bus\Dispatcher->dispatchNow()
#12 /home/updaxrzy/anyework.com/vendor/laravel/framework/src/Illuminate/Pipeline/Pipeline.php(141): Illuminate\Queue\CallQueuedHandler->Illuminate\Queue\{closure}()
#13 /home/updaxrzy/anyework.com/vendor/laravel/framework/src/Illuminate/Pipeline/Pipeline.php(116): Illuminate\Pipeline\Pipeline->Illuminate\Pipeline\{closure}()
#14 /home/updaxrzy/anyework.com/vendor/laravel/framework/src/Illuminate/Queue/CallQueuedHandler.php(122): Illuminate\Pipeline\Pipeline->then()
#15 /home/updaxrzy/anyework.com/vendor/laravel/framework/src/Illuminate/Queue/CallQueuedHandler.php(70): Illuminate\Queue\CallQueuedHandler->dispatchThroughMiddleware()
#16 /home/updaxrzy/anyework.com/vendor/laravel/framework/src/Illuminate/Queue/Jobs/Job.php(98): Illuminate\Queue\CallQueuedHandler->call()
#17 /home/updaxrzy/anyework.com/vendor/laravel/framework/src/Illuminate/Queue/Worker.php(439): Illuminate\Queue\Jobs\Job->fire()
#18 /home/updaxrzy/anyework.com/vendor/laravel/framework/src/Illuminate/Queue/Worker.php(389): Illuminate\Queue\Worker->process()
#19 /home/updaxrzy/anyework.com/vendor/laravel/framework/src/Illuminate/Queue/Worker.php(176): Illuminate\Queue\Worker->runJob()
#20 /home/updaxrzy/anyework.com/vendor/laravel/framework/src/Illuminate/Queue/Console/WorkCommand.php(137): Illuminate\Queue\Worker->daemon()
#21 /home/updaxrzy/anyework.com/vendor/laravel/framework/src/Illuminate/Queue/Console/WorkCommand.php(120): Illuminate\Queue\Console\WorkCommand->runWorker()
#22 /home/updaxrzy/anyework.com/vendor/laravel/framework/src/Illuminate/Container/BoundMethod.php(36): Illuminate\Queue\Console\WorkCommand->handle()
#23 /home/updaxrzy/anyework.com/vendor/laravel/framework/src/Illuminate/Container/Util.php(41): Illuminate\Container\BoundMethod::Illuminate\Container\{closure}()
#24 /home/updaxrzy/anyework.com/vendor/laravel/framework/src/Illuminate/Container/BoundMethod.php(93): Illuminate\Container\Util::unwrapIfClosure()
#25 /home/updaxrzy/anyework.com/vendor/laravel/framework/src/Illuminate/Container/BoundMethod.php(35): Illuminate\Container\BoundMethod::callBoundMethod()
#26 /home/updaxrzy/anyework.com/vendor/laravel/framework/src/Illuminate/Container/Container.php(662): Illuminate\Container\BoundMethod::call()
#27 /home/updaxrzy/anyework.com/vendor/laravel/framework/src/Illuminate/Console/Command.php(208): Illuminate\Container\Container->call()
#28 /home/updaxrzy/anyework.com/vendor/symfony/console/Command/Command.php(326): Illuminate\Console\Command->execute()
#29 /home/updaxrzy/anyework.com/vendor/laravel/framework/src/Illuminate/Console/Command.php(177): Symfony\Component\Console\Command\Command->run()
#30 /home/updaxrzy/anyework.com/vendor/symfony/console/Application.php(1081): Illuminate\Console\Command->run()
#31 /home/updaxrzy/anyework.com/vendor/symfony/console/Application.php(320): Symfony\Component\Console\Application->doRunCommand()
#32 /home/updaxrzy/anyework.com/vendor/symfony/console/Application.php(174): Symfony\Component\Console\Application->doRun()
#33 /home/updaxrzy/anyework.com/vendor/laravel/framework/src/Illuminate/Console/Application.php(162): Symfony\Component\Console\Application->run()
#34 /home/updaxrzy/anyework.com/vendor/laravel/framework/src/Illuminate/Foundation/Console/Kernel.php(400): Illuminate\Console\Application->call()
#35 /home/updaxrzy/anyework.com/vendor/laravel/framework/src/Illuminate/Support/Facades/Facade.php(353): Illuminate\Foundation\Console\Kernel->call()
#36 /home/updaxrzy/anyework.com/routes/web.php(24): Illuminate\Support\Facades\Facade::__callStatic()
#37 /home/updaxrzy/anyework.com/vendor/laravel/framework/src/Illuminate/Routing/CallableDispatcher.php(40): Illuminate\Routing\RouteFileRegistrar->{closure}()
#38 /home/updaxrzy/anyework.com/vendor/laravel/framework/src/Illuminate/Routing/Route.php(237): Illuminate\Routing\CallableDispatcher->dispatch()
#39 /home/updaxrzy/anyework.com/vendor/laravel/framework/src/Illuminate/Routing/Route.php(208): Illuminate\Routing\Route->runCallable()
#40 /home/updaxrzy/anyework.com/vendor/laravel/framework/src/Illuminate/Routing/Router.php(799): Illuminate\Routing\Route->run()
#41 /home/updaxrzy/anyework.com/vendor/laravel/framework/src/Illuminate/Pipeline/Pipeline.php(141): Illuminate\Routing\Router->Illuminate\Routing\{closure}()
#42 /home/updaxrzy/anyework.com/vendor/ralphjsmit/livewire-urls/src/Middleware/LivewireUrlsMiddleware.php(32): Illuminate\Pipeline\Pipeline->Illuminate\Pipeline\{closure}()
#43 /home/updaxrzy/anyework.com/vendor/laravel/framework/src/Illuminate/Pipeline/Pipeline.php(180): RalphJSmit\Livewire\Urls\Middleware\LivewireUrlsMiddleware->handle()
#44 /home/updaxrzy/anyework.com/app/Http/Middleware/XFrameHeaders.php(31): Illuminate\Pipeline\Pipeline->Illuminate\Pipeline\{closure}()
#45 /home/updaxrzy/anyework.com/vendor/laravel/framework/src/Illuminate/Pipeline/Pipeline.php(180): App\Http\Middleware\XFrameHeaders->handle()
#46 /home/updaxrzy/anyework.com/app/Http/Middleware/UpgradeLevel.php(95): Illuminate\Pipeline\Pipeline->Illuminate\Pipeline\{closure}()
#47 /home/updaxrzy/anyework.com/vendor/laravel/framework/src/Illuminate/Pipeline/Pipeline.php(180): App\Http\Middleware\UpgradeLevel->handle()
#48 /home/updaxrzy/anyework.com/app/Http/Middleware/UserLastActivity.php(25): Illuminate\Pipeline\Pipeline->Illuminate\Pipeline\{closure}()
#49 /home/updaxrzy/anyework.com/vendor/laravel/framework/src/Illuminate/Pipeline/Pipeline.php(180): App\Http\Middleware\UserLastActivity->handle()
#50 /home/updaxrzy/anyework.com/app/Http/Middleware/SetLocale.php(65): Illuminate\Pipeline\Pipeline->Illuminate\Pipeline\{closure}()
#51 /home/updaxrzy/anyework.com/vendor/laravel/framework/src/Illuminate/Pipeline/Pipeline.php(180): App\Http\Middleware\SetLocale->handle()
#52 /home/updaxrzy/anyework.com/vendor/laravel/framework/src/Illuminate/Routing/Middleware/SubstituteBindings.php(50): Illuminate\Pipeline\Pipeline->Illuminate\Pipeline\{closure}()
#53 /home/updaxrzy/anyework.com/vendor/laravel/framework/src/Illuminate/Pipeline/Pipeline.php(180): Illuminate\Routing\Middleware\SubstituteBindings->handle()
#54 /home/updaxrzy/anyework.com/vendor/laravel/framework/src/Illuminate/Session/Middleware/AuthenticateSession.php(41): Illuminate\Pipeline\Pipeline->Illuminate\Pipeline\{closure}()
#55 /home/updaxrzy/anyework.com/vendor/laravel/framework/src/Illuminate/Pipeline/Pipeline.php(180): Illuminate\Session\Middleware\AuthenticateSession->handle()
#56 /home/updaxrzy/anyework.com/vendor/laravel/framework/src/Illuminate/Foundation/Http/Middleware/VerifyCsrfToken.php(78): Illuminate\Pipeline\Pipeline->Illuminate\Pipeline\{closure}()
#57 /home/updaxrzy/anyework.com/app/Http/Middleware/VerifyCsrfToken.php(24): Illuminate\Foundation\Http\Middleware\VerifyCsrfToken->handle()
#58 /home/updaxrzy/anyework.com/vendor/laravel/framework/src/Illuminate/Pipeline/Pipeline.php(180): App\Http\Middleware\VerifyCsrfToken->handle()
#59 /home/updaxrzy/anyework.com/vendor/laravel/framework/src/Illuminate/View/Middleware/ShareErrorsFromSession.php(49): Illuminate\Pipeline\Pipeline->Illuminate\Pipeline\{closure}()
#60 /home/updaxrzy/anyework.com/vendor/laravel/framework/src/Illuminate/Pipeline/Pipeline.php(180): Illuminate\View\Middleware\ShareErrorsFromSession->handle()
#61 /home/updaxrzy/anyework.com/vendor/laravel/framework/src/Illuminate/Session/Middleware/StartSession.php(144): Illuminate\Pipeline\Pipeline->Illuminate\Pipeline\{closure}()
#62 /home/updaxrzy/anyework.com/vendor/laravel/framework/src/Illuminate/Session/Middleware/StartSession.php(87): Illuminate\Session\Middleware\StartSession->handleStatefulRequest()
#63 /home/updaxrzy/anyework.com/vendor/laravel/framework/src/Illuminate/Pipeline/Pipeline.php(180): Illuminate\Session\Middleware\StartSession->handle()
#64 /home/updaxrzy/anyework.com/vendor/laravel/framework/src/Illuminate/Cookie/Middleware/AddQueuedCookiesToResponse.php(37): Illuminate\Pipeline\Pipeline->Illuminate\Pipeline\{closure}()
#65 /home/updaxrzy/anyework.com/vendor/laravel/framework/src/Illuminate/Pipeline/Pipeline.php(180): Illuminate\Cookie\Middleware\AddQueuedCookiesToResponse->handle()
#66 /home/updaxrzy/anyework.com/vendor/laravel/framework/src/Illuminate/Cookie/Middleware/EncryptCookies.php(67): Illuminate\Pipeline\Pipeline->Illuminate\Pipeline\{closure}()
#67 /home/updaxrzy/anyework.com/vendor/laravel/framework/src/Illuminate/Pipeline/Pipeline.php(180): Illuminate\Cookie\Middleware\EncryptCookies->handle()
#68 /home/updaxrzy/anyework.com/vendor/laravel/framework/src/Illuminate/Pipeline/Pipeline.php(116): Illuminate\Pipeline\Pipeline->Illuminate\Pipeline\{closure}()
#69 /home/updaxrzy/anyework.com/vendor/laravel/framework/src/Illuminate/Routing/Router.php(798): Illuminate\Pipeline\Pipeline->then()
#70 /home/updaxrzy/anyework.com/vendor/laravel/framework/src/Illuminate/Routing/Router.php(777): Illuminate\Routing\Router->runRouteWithinStack()
#71 /home/updaxrzy/anyework.com/vendor/laravel/framework/src/Illuminate/Routing/Router.php(741): Illuminate\Routing\Router->runRoute()
#72 /home/updaxrzy/anyework.com/vendor/laravel/framework/src/Illuminate/Routing/Router.php(730): Illuminate\Routing\Router->dispatchToRoute()
#73 /home/updaxrzy/anyework.com/vendor/laravel/framework/src/Illuminate/Foundation/Http/Kernel.php(200): Illuminate\Routing\Router->dispatch()
#74 /home/updaxrzy/anyework.com/vendor/laravel/framework/src/Illuminate/Pipeline/Pipeline.php(141): Illuminate\Foundation\Http\Kernel->Illuminate\Foundation\Http\{closure}()
#75 /home/updaxrzy/anyework.com/vendor/lukeraymonddowning/honey/src/Http/Middleware/BlockSpammers.php(19): Illuminate\Pipeline\Pipeline->Illuminate\Pipeline\{closure}()
#76 /home/updaxrzy/anyework.com/vendor/laravel/framework/src/Illuminate/Pipeline/Pipeline.php(180): Lukeraymonddowning\Honey\Http\Middleware\BlockSpammers->handle()
#77 /home/updaxrzy/anyework.com/vendor/livewire/livewire/src/DisableBrowserCache.php(19): Illuminate\Pipeline\Pipeline->Illuminate\Pipeline\{closure}()
#78 /home/updaxrzy/anyework.com/vendor/laravel/framework/src/Illuminate/Pipeline/Pipeline.php(180): Livewire\DisableBrowserCache->handle()
#79 /home/updaxrzy/anyework.com/vendor/barryvdh/laravel-debugbar/src/Middleware/InjectDebugbar.php(59): Illuminate\Pipeline\Pipeline->Illuminate\Pipeline\{closure}()
#80 /home/updaxrzy/anyework.com/vendor/laravel/framework/src/Illuminate/Pipeline/Pipeline.php(180): Barryvdh\Debugbar\Middleware\InjectDebugbar->handle()
#81 /home/updaxrzy/anyework.com/vendor/laravel/framework/src/Illuminate/Foundation/Http/Middleware/TransformsRequest.php(21): Illuminate\Pipeline\Pipeline->Illuminate\Pipeline\{closure}()
#82 /home/updaxrzy/anyework.com/vendor/laravel/framework/src/Illuminate/Foundation/Http/Middleware/ConvertEmptyStringsToNull.php(31): Illuminate\Foundation\Http\Middleware\TransformsRequest->handle()
#83 /home/updaxrzy/anyework.com/vendor/laravel/framework/src/Illuminate/Pipeline/Pipeline.php(180): Illuminate\Foundation\Http\Middleware\ConvertEmptyStringsToNull->handle()
#84 /home/updaxrzy/anyework.com/vendor/laravel/framework/src/Illuminate/Foundation/Http/Middleware/TransformsRequest.php(21): Illuminate\Pipeline\Pipeline->Illuminate\Pipeline\{closure}()
#85 /home/updaxrzy/anyework.com/vendor/laravel/framework/src/Illuminate/Foundation/Http/Middleware/TrimStrings.php(40): Illuminate\Foundation\Http\Middleware\TransformsRequest->handle()
#86 /home/updaxrzy/anyework.com/vendor/laravel/framework/src/Illuminate/Pipeline/Pipeline.php(180): Illuminate\Foundation\Http\Middleware\TrimStrings->handle()
#87 /home/updaxrzy/anyework.com/vendor/laravel/framework/src/Illuminate/Foundation/Http/Middleware/ValidatePostSize.php(27): Illuminate\Pipeline\Pipeline->Illuminate\Pipeline\{closure}()
#88 /home/updaxrzy/anyework.com/vendor/laravel/framework/src/Illuminate/Pipeline/Pipeline.php(180): Illuminate\Foundation\Http\Middleware\ValidatePostSize->handle()
#89 /home/updaxrzy/anyework.com/vendor/laravel/framework/src/Illuminate/Foundation/Http/Middleware/PreventRequestsDuringMaintenance.php(86): Illuminate\Pipeline\Pipeline->Illuminate\Pipeline\{closure}()
#90 /home/updaxrzy/anyework.com/vendor/laravel/framework/src/Illuminate/Pipeline/Pipeline.php(180): Illuminate\Foundation\Http\Middleware\PreventRequestsDuringMaintenance->handle()
#91 /home/updaxrzy/anyework.com/vendor/laravel/framework/src/Illuminate/Http/Middleware/HandleCors.php(49): Illuminate\Pipeline\Pipeline->Illuminate\Pipeline\{closure}()
#92 /home/updaxrzy/anyework.com/vendor/laravel/framework/src/Illuminate/Pipeline/Pipeline.php(180): Illuminate\Http\Middleware\HandleCors->handle()
#93 /home/updaxrzy/anyework.com/vendor/laravel/framework/src/Illuminate/Http/Middleware/TrustProxies.php(39): Illuminate\Pipeline\Pipeline->Illuminate\Pipeline\{closure}()
#94 /home/updaxrzy/anyework.com/vendor/laravel/framework/src/Illuminate/Pipeline/Pipeline.php(180): Illuminate\Http\Middleware\TrustProxies->handle()
#95 /home/updaxrzy/anyework.com/vendor/laravel/framework/src/Illuminate/Pipeline/Pipeline.php(116): Illuminate\Pipeline\Pipeline->Illuminate\Pipeline\{closure}()
#96 /home/updaxrzy/anyework.com/vendor/laravel/framework/src/Illuminate/Foundation/Http/Kernel.php(175): Illuminate\Pipeline\Pipeline->then()
#97 /home/updaxrzy/anyework.com/vendor/laravel/framework/src/Illuminate/Foundation/Http/Kernel.php(144): Illuminate\Foundation\Http\Kernel->sendRequestThroughRouter()
#98 /home/updaxrzy/anyework.com/index.php(52): Illuminate\Foundation\Http\Kernel->handle()
#99 {main}  
[2024-10-30 11:55:03] production.DEBUG: ErrorException: Undefined array key "category" in /home/updaxrzy/anyework.com/app/Jobs/Main/Service/Track.php:93
Stack trace:
#0 /home/updaxrzy/anyework.com/vendor/laravel/framework/src/Illuminate/Foundation/Bootstrap/HandleExceptions.php(254): Illuminate\Foundation\Bootstrap\HandleExceptions->handleError()
#1 /home/updaxrzy/anyework.com/app/Jobs/Main/Service/Track.php(93): Illuminate\Foundation\Bootstrap\HandleExceptions->Illuminate\Foundation\Bootstrap\{closure}()
#2 /home/updaxrzy/anyework.com/vendor/laravel/framework/src/Illuminate/Container/BoundMethod.php(36): App\Jobs\Main\Service\Track->handle()
#3 /home/updaxrzy/anyework.com/vendor/laravel/framework/src/Illuminate/Container/Util.php(41): Illuminate\Container\BoundMethod::Illuminate\Container\{closure}()
#4 /home/updaxrzy/anyework.com/vendor/laravel/framework/src/Illuminate/Container/BoundMethod.php(93): Illuminate\Container\Util::unwrapIfClosure()
#5 /home/updaxrzy/anyework.com/vendor/laravel/framework/src/Illuminate/Container/BoundMethod.php(35): Illuminate\Container\BoundMethod::callBoundMethod()
#6 /home/updaxrzy/anyework.com/vendor/laravel/framework/src/Illuminate/Container/Container.php(662): Illuminate\Container\BoundMethod::call()
#7 /home/updaxrzy/anyework.com/vendor/laravel/framework/src/Illuminate/Bus/Dispatcher.php(128): Illuminate\Container\Container->call()
#8 /home/updaxrzy/anyework.com/vendor/laravel/framework/src/Illuminate/Pipeline/Pipeline.php(141): Illuminate\Bus\Dispatcher->Illuminate\Bus\{closure}()
#9 /home/updaxrzy/anyework.com/vendor/laravel/framework/src/Illuminate/Pipeline/Pipeline.php(116): Illuminate\Pipeline\Pipeline->Illuminate\Pipeline\{closure}()
#10 /home/updaxrzy/anyework.com/vendor/laravel/framework/src/Illuminate/Bus/Dispatcher.php(132): Illuminate\Pipeline\Pipeline->then()
#11 /home/updaxrzy/anyework.com/vendor/laravel/framework/src/Illuminate/Queue/CallQueuedHandler.php(123): Illuminate\Bus\Dispatcher->dispatchNow()
#12 /home/updaxrzy/anyework.com/vendor/laravel/framework/src/Illuminate/Pipeline/Pipeline.php(141): Illuminate\Queue\CallQueuedHandler->Illuminate\Queue\{closure}()
#13 /home/updaxrzy/anyework.com/vendor/laravel/framework/src/Illuminate/Pipeline/Pipeline.php(116): Illuminate\Pipeline\Pipeline->Illuminate\Pipeline\{closure}()
#14 /home/updaxrzy/anyework.com/vendor/laravel/framework/src/Illuminate/Queue/CallQueuedHandler.php(122): Illuminate\Pipeline\Pipeline->then()
#15 /home/updaxrzy/anyework.com/vendor/laravel/framework/src/Illuminate/Queue/CallQueuedHandler.php(70): Illuminate\Queue\CallQueuedHandler->dispatchThroughMiddleware()
#16 /home/updaxrzy/anyework.com/vendor/laravel/framework/src/Illuminate/Queue/Jobs/Job.php(98): Illuminate\Queue\CallQueuedHandler->call()
#17 /home/updaxrzy/anyework.com/vendor/laravel/framework/src/Illuminate/Queue/Worker.php(439): Illuminate\Queue\Jobs\Job->fire()
#18 /home/updaxrzy/anyework.com/vendor/laravel/framework/src/Illuminate/Queue/Worker.php(389): Illuminate\Queue\Worker->process()
#19 /home/updaxrzy/anyework.com/vendor/laravel/framework/src/Illuminate/Queue/Worker.php(176): Illuminate\Queue\Worker->runJob()
#20 /home/updaxrzy/anyework.com/vendor/laravel/framework/src/Illuminate/Queue/Console/WorkCommand.php(137): Illuminate\Queue\Worker->daemon()
#21 /home/updaxrzy/anyework.com/vendor/laravel/framework/src/Illuminate/Queue/Console/WorkCommand.php(120): Illuminate\Queue\Console\WorkCommand->runWorker()
#22 /home/updaxrzy/anyework.com/vendor/laravel/framework/src/Illuminate/Container/BoundMethod.php(36): Illuminate\Queue\Console\WorkCommand->handle()
#23 /home/updaxrzy/anyework.com/vendor/laravel/framework/src/Illuminate/Container/Util.php(41): Illuminate\Container\BoundMethod::Illuminate\Container\{closure}()
#24 /home/updaxrzy/anyework.com/vendor/laravel/framework/src/Illuminate/Container/BoundMethod.php(93): Illuminate\Container\Util::unwrapIfClosure()
#25 /home/updaxrzy/anyework.com/vendor/laravel/framework/src/Illuminate/Container/BoundMethod.php(35): Illuminate\Container\BoundMethod::callBoundMethod()
#26 /home/updaxrzy/anyework.com/vendor/laravel/framework/src/Illuminate/Container/Container.php(662): Illuminate\Container\BoundMethod::call()
#27 /home/updaxrzy/anyework.com/vendor/laravel/framework/src/Illuminate/Console/Command.php(208): Illuminate\Container\Container->call()
#28 /home/updaxrzy/anyework.com/vendor/symfony/console/Command/Command.php(326): Illuminate\Console\Command->execute()
#29 /home/updaxrzy/anyework.com/vendor/laravel/framework/src/Illuminate/Console/Command.php(177): Symfony\Component\Console\Command\Command->run()
#30 /home/updaxrzy/anyework.com/vendor/symfony/console/Application.php(1081): Illuminate\Console\Command->run()
#31 /home/updaxrzy/anyework.com/vendor/symfony/console/Application.php(320): Symfony\Component\Console\Application->doRunCommand()
#32 /home/updaxrzy/anyework.com/vendor/symfony/console/Application.php(174): Symfony\Component\Console\Application->doRun()
#33 /home/updaxrzy/anyework.com/vendor/laravel/framework/src/Illuminate/Console/Application.php(162): Symfony\Component\Console\Application->run()
#34 /home/updaxrzy/anyework.com/vendor/laravel/framework/src/Illuminate/Foundation/Console/Kernel.php(400): Illuminate\Console\Application->call()
#35 /home/updaxrzy/anyework.com/vendor/laravel/framework/src/Illuminate/Support/Facades/Facade.php(353): Illuminate\Foundation\Console\Kernel->call()
#36 /home/updaxrzy/anyework.com/routes/web.php(24): Illuminate\Support\Facades\Facade::__callStatic()
#37 /home/updaxrzy/anyework.com/vendor/laravel/framework/src/Illuminate/Routing/CallableDispatcher.php(40): Illuminate\Routing\RouteFileRegistrar->{closure}()
#38 /home/updaxrzy/anyework.com/vendor/laravel/framework/src/Illuminate/Routing/Route.php(237): Illuminate\Routing\CallableDispatcher->dispatch()
#39 /home/updaxrzy/anyework.com/vendor/laravel/framework/src/Illuminate/Routing/Route.php(208): Illuminate\Routing\Route->runCallable()
#40 /home/updaxrzy/anyework.com/vendor/laravel/framework/src/Illuminate/Routing/Router.php(799): Illuminate\Routing\Route->run()
#41 /home/updaxrzy/anyework.com/vendor/laravel/framework/src/Illuminate/Pipeline/Pipeline.php(141): Illuminate\Routing\Router->Illuminate\Routing\{closure}()
#42 /home/updaxrzy/anyework.com/vendor/ralphjsmit/livewire-urls/src/Middleware/LivewireUrlsMiddleware.php(32): Illuminate\Pipeline\Pipeline->Illuminate\Pipeline\{closure}()
#43 /home/updaxrzy/anyework.com/vendor/laravel/framework/src/Illuminate/Pipeline/Pipeline.php(180): RalphJSmit\Livewire\Urls\Middleware\LivewireUrlsMiddleware->handle()
#44 /home/updaxrzy/anyework.com/app/Http/Middleware/XFrameHeaders.php(31): Illuminate\Pipeline\Pipeline->Illuminate\Pipeline\{closure}()
#45 /home/updaxrzy/anyework.com/vendor/laravel/framework/src/Illuminate/Pipeline/Pipeline.php(180): App\Http\Middleware\XFrameHeaders->handle()
#46 /home/updaxrzy/anyework.com/app/Http/Middleware/UpgradeLevel.php(95): Illuminate\Pipeline\Pipeline->Illuminate\Pipeline\{closure}()
#47 /home/updaxrzy/anyework.com/vendor/laravel/framework/src/Illuminate/Pipeline/Pipeline.php(180): App\Http\Middleware\UpgradeLevel->handle()
#48 /home/updaxrzy/anyework.com/app/Http/Middleware/UserLastActivity.php(25): Illuminate\Pipeline\Pipeline->Illuminate\Pipeline\{closure}()
#49 /home/updaxrzy/anyework.com/vendor/laravel/framework/src/Illuminate/Pipeline/Pipeline.php(180): App\Http\Middleware\UserLastActivity->handle()
#50 /home/updaxrzy/anyework.com/app/Http/Middleware/SetLocale.php(65): Illuminate\Pipeline\Pipeline->Illuminate\Pipeline\{closure}()
#51 /home/updaxrzy/anyework.com/vendor/laravel/framework/src/Illuminate/Pipeline/Pipeline.php(180): App\Http\Middleware\SetLocale->handle()
#52 /home/updaxrzy/anyework.com/vendor/laravel/framework/src/Illuminate/Routing/Middleware/SubstituteBindings.php(50): Illuminate\Pipeline\Pipeline->Illuminate\Pipeline\{closure}()
#53 /home/updaxrzy/anyework.com/vendor/laravel/framework/src/Illuminate/Pipeline/Pipeline.php(180): Illuminate\Routing\Middleware\SubstituteBindings->handle()
#54 /home/updaxrzy/anyework.com/vendor/laravel/framework/src/Illuminate/Session/Middleware/AuthenticateSession.php(41): Illuminate\Pipeline\Pipeline->Illuminate\Pipeline\{closure}()
#55 /home/updaxrzy/anyework.com/vendor/laravel/framework/src/Illuminate/Pipeline/Pipeline.php(180): Illuminate\Session\Middleware\AuthenticateSession->handle()
#56 /home/updaxrzy/anyework.com/vendor/laravel/framework/src/Illuminate/Foundation/Http/Middleware/VerifyCsrfToken.php(78): Illuminate\Pipeline\Pipeline->Illuminate\Pipeline\{closure}()
#57 /home/updaxrzy/anyework.com/app/Http/Middleware/VerifyCsrfToken.php(24): Illuminate\Foundation\Http\Middleware\VerifyCsrfToken->handle()
#58 /home/updaxrzy/anyework.com/vendor/laravel/framework/src/Illuminate/Pipeline/Pipeline.php(180): App\Http\Middleware\VerifyCsrfToken->handle()
#59 /home/updaxrzy/anyework.com/vendor/laravel/framework/src/Illuminate/View/Middleware/ShareErrorsFromSession.php(49): Illuminate\Pipeline\Pipeline->Illuminate\Pipeline\{closure}()
#60 /home/updaxrzy/anyework.com/vendor/laravel/framework/src/Illuminate/Pipeline/Pipeline.php(180): Illuminate\View\Middleware\ShareErrorsFromSession->handle()
#61 /home/updaxrzy/anyework.com/vendor/laravel/framework/src/Illuminate/Session/Middleware/StartSession.php(144): Illuminate\Pipeline\Pipeline->Illuminate\Pipeline\{closure}()
#62 /home/updaxrzy/anyework.com/vendor/laravel/framework/src/Illuminate/Session/Middleware/StartSession.php(87): Illuminate\Session\Middleware\StartSession->handleStatefulRequest()
#63 /home/updaxrzy/anyework.com/vendor/laravel/framework/src/Illuminate/Pipeline/Pipeline.php(180): Illuminate\Session\Middleware\StartSession->handle()
#64 /home/updaxrzy/anyework.com/vendor/laravel/framework/src/Illuminate/Cookie/Middleware/AddQueuedCookiesToResponse.php(37): Illuminate\Pipeline\Pipeline->Illuminate\Pipeline\{closure}()
#65 /home/updaxrzy/anyework.com/vendor/laravel/framework/src/Illuminate/Pipeline/Pipeline.php(180): Illuminate\Cookie\Middleware\AddQueuedCookiesToResponse->handle()
#66 /home/updaxrzy/anyework.com/vendor/laravel/framework/src/Illuminate/Cookie/Middleware/EncryptCookies.php(67): Illuminate\Pipeline\Pipeline->Illuminate\Pipeline\{closure}()
#67 /home/updaxrzy/anyework.com/vendor/laravel/framework/src/Illuminate/Pipeline/Pipeline.php(180): Illuminate\Cookie\Middleware\EncryptCookies->handle()
#68 /home/updaxrzy/anyework.com/vendor/laravel/framework/src/Illuminate/Pipeline/Pipeline.php(116): Illuminate\Pipeline\Pipeline->Illuminate\Pipeline\{closure}()
#69 /home/updaxrzy/anyework.com/vendor/laravel/framework/src/Illuminate/Routing/Router.php(798): Illuminate\Pipeline\Pipeline->then()
#70 /home/updaxrzy/anyework.com/vendor/laravel/framework/src/Illuminate/Routing/Router.php(777): Illuminate\Routing\Router->runRouteWithinStack()
#71 /home/updaxrzy/anyework.com/vendor/laravel/framework/src/Illuminate/Routing/Router.php(741): Illuminate\Routing\Router->runRoute()
#72 /home/updaxrzy/anyework.com/vendor/laravel/framework/src/Illuminate/Routing/Router.php(730): Illuminate\Routing\Router->dispatchToRoute()
#73 /home/updaxrzy/anyework.com/vendor/laravel/framework/src/Illuminate/Foundation/Http/Kernel.php(200): Illuminate\Routing\Router->dispatch()
#74 /home/updaxrzy/anyework.com/vendor/laravel/framework/src/Illuminate/Pipeline/Pipeline.php(141): Illuminate\Foundation\Http\Kernel->Illuminate\Foundation\Http\{closure}()
#75 /home/updaxrzy/anyework.com/vendor/lukeraymonddowning/honey/src/Http/Middleware/BlockSpammers.php(19): Illuminate\Pipeline\Pipeline->Illuminate\Pipeline\{closure}()
#76 /home/updaxrzy/anyework.com/vendor/laravel/framework/src/Illuminate/Pipeline/Pipeline.php(180): Lukeraymonddowning\Honey\Http\Middleware\BlockSpammers->handle()
#77 /home/updaxrzy/anyework.com/vendor/livewire/livewire/src/DisableBrowserCache.php(19): Illuminate\Pipeline\Pipeline->Illuminate\Pipeline\{closure}()
#78 /home/updaxrzy/anyework.com/vendor/laravel/framework/src/Illuminate/Pipeline/Pipeline.php(180): Livewire\DisableBrowserCache->handle()
#79 /home/updaxrzy/anyework.com/vendor/barryvdh/laravel-debugbar/src/Middleware/InjectDebugbar.php(59): Illuminate\Pipeline\Pipeline->Illuminate\Pipeline\{closure}()
#80 /home/updaxrzy/anyework.com/vendor/laravel/framework/src/Illuminate/Pipeline/Pipeline.php(180): Barryvdh\Debugbar\Middleware\InjectDebugbar->handle()
#81 /home/updaxrzy/anyework.com/vendor/laravel/framework/src/Illuminate/Foundation/Http/Middleware/TransformsRequest.php(21): Illuminate\Pipeline\Pipeline->Illuminate\Pipeline\{closure}()
#82 /home/updaxrzy/anyework.com/vendor/laravel/framework/src/Illuminate/Foundation/Http/Middleware/ConvertEmptyStringsToNull.php(31): Illuminate\Foundation\Http\Middleware\TransformsRequest->handle()
#83 /home/updaxrzy/anyework.com/vendor/laravel/framework/src/Illuminate/Pipeline/Pipeline.php(180): Illuminate\Foundation\Http\Middleware\ConvertEmptyStringsToNull->handle()
#84 /home/updaxrzy/anyework.com/vendor/laravel/framework/src/Illuminate/Foundation/Http/Middleware/TransformsRequest.php(21): Illuminate\Pipeline\Pipeline->Illuminate\Pipeline\{closure}()
#85 /home/updaxrzy/anyework.com/vendor/laravel/framework/src/Illuminate/Foundation/Http/Middleware/TrimStrings.php(40): Illuminate\Foundation\Http\Middleware\TransformsRequest->handle()
#86 /home/updaxrzy/anyework.com/vendor/laravel/framework/src/Illuminate/Pipeline/Pipeline.php(180): Illuminate\Foundation\Http\Middleware\TrimStrings->handle()
#87 /home/updaxrzy/anyework.com/vendor/laravel/framework/src/Illuminate/Foundation/Http/Middleware/ValidatePostSize.php(27): Illuminate\Pipeline\Pipeline->Illuminate\Pipeline\{closure}()
#88 /home/updaxrzy/anyework.com/vendor/laravel/framework/src/Illuminate/Pipeline/Pipeline.php(180): Illuminate\Foundation\Http\Middleware\ValidatePostSize->handle()
#89 /home/updaxrzy/anyework.com/vendor/laravel/framework/src/Illuminate/Foundation/Http/Middleware/PreventRequestsDuringMaintenance.php(86): Illuminate\Pipeline\Pipeline->Illuminate\Pipeline\{closure}()
#90 /home/updaxrzy/anyework.com/vendor/laravel/framework/src/Illuminate/Pipeline/Pipeline.php(180): Illuminate\Foundation\Http\Middleware\PreventRequestsDuringMaintenance->handle()
#91 /home/updaxrzy/anyework.com/vendor/laravel/framework/src/Illuminate/Http/Middleware/HandleCors.php(49): Illuminate\Pipeline\Pipeline->Illuminate\Pipeline\{closure}()
#92 /home/updaxrzy/anyework.com/vendor/laravel/framework/src/Illuminate/Pipeline/Pipeline.php(180): Illuminate\Http\Middleware\HandleCors->handle()
#93 /home/updaxrzy/anyework.com/vendor/laravel/framework/src/Illuminate/Http/Middleware/TrustProxies.php(39): Illuminate\Pipeline\Pipeline->Illuminate\Pipeline\{closure}()
#94 /home/updaxrzy/anyework.com/vendor/laravel/framework/src/Illuminate/Pipeline/Pipeline.php(180): Illuminate\Http\Middleware\TrustProxies->handle()
#95 /home/updaxrzy/anyework.com/vendor/laravel/framework/src/Illuminate/Pipeline/Pipeline.php(116): Illuminate\Pipeline\Pipeline->Illuminate\Pipeline\{closure}()
#96 /home/updaxrzy/anyework.com/vendor/laravel/framework/src/Illuminate/Foundation/Http/Kernel.php(175): Illuminate\Pipeline\Pipeline->then()
#97 /home/updaxrzy/anyework.com/vendor/laravel/framework/src/Illuminate/Foundation/Http/Kernel.php(144): Illuminate\Foundation\Http\Kernel->sendRequestThroughRouter()
#98 /home/updaxrzy/anyework.com/index.php(52): Illuminate\Foundation\Http\Kernel->handle()
#99 {main}  
[2024-10-30 12:10:02] production.DEBUG: ErrorException: Undefined array key "category" in /home/updaxrzy/anyework.com/app/Jobs/Main/Service/Track.php:93
Stack trace:
#0 /home/updaxrzy/anyework.com/vendor/laravel/framework/src/Illuminate/Foundation/Bootstrap/HandleExceptions.php(254): Illuminate\Foundation\Bootstrap\HandleExceptions->handleError()
#1 /home/updaxrzy/anyework.com/app/Jobs/Main/Service/Track.php(93): Illuminate\Foundation\Bootstrap\HandleExceptions->Illuminate\Foundation\Bootstrap\{closure}()
#2 /home/updaxrzy/anyework.com/vendor/laravel/framework/src/Illuminate/Container/BoundMethod.php(36): App\Jobs\Main\Service\Track->handle()
#3 /home/updaxrzy/anyework.com/vendor/laravel/framework/src/Illuminate/Container/Util.php(41): Illuminate\Container\BoundMethod::Illuminate\Container\{closure}()
#4 /home/updaxrzy/anyework.com/vendor/laravel/framework/src/Illuminate/Container/BoundMethod.php(93): Illuminate\Container\Util::unwrapIfClosure()
#5 /home/updaxrzy/anyework.com/vendor/laravel/framework/src/Illuminate/Container/BoundMethod.php(35): Illuminate\Container\BoundMethod::callBoundMethod()
#6 /home/updaxrzy/anyework.com/vendor/laravel/framework/src/Illuminate/Container/Container.php(662): Illuminate\Container\BoundMethod::call()
#7 /home/updaxrzy/anyework.com/vendor/laravel/framework/src/Illuminate/Bus/Dispatcher.php(128): Illuminate\Container\Container->call()
#8 /home/updaxrzy/anyework.com/vendor/laravel/framework/src/Illuminate/Pipeline/Pipeline.php(141): Illuminate\Bus\Dispatcher->Illuminate\Bus\{closure}()
#9 /home/updaxrzy/anyework.com/vendor/laravel/framework/src/Illuminate/Pipeline/Pipeline.php(116): Illuminate\Pipeline\Pipeline->Illuminate\Pipeline\{closure}()
#10 /home/updaxrzy/anyework.com/vendor/laravel/framework/src/Illuminate/Bus/Dispatcher.php(132): Illuminate\Pipeline\Pipeline->then()
#11 /home/updaxrzy/anyework.com/vendor/laravel/framework/src/Illuminate/Queue/CallQueuedHandler.php(123): Illuminate\Bus\Dispatcher->dispatchNow()
#12 /home/updaxrzy/anyework.com/vendor/laravel/framework/src/Illuminate/Pipeline/Pipeline.php(141): Illuminate\Queue\CallQueuedHandler->Illuminate\Queue\{closure}()
#13 /home/updaxrzy/anyework.com/vendor/laravel/framework/src/Illuminate/Pipeline/Pipeline.php(116): Illuminate\Pipeline\Pipeline->Illuminate\Pipeline\{closure}()
#14 /home/updaxrzy/anyework.com/vendor/laravel/framework/src/Illuminate/Queue/CallQueuedHandler.php(122): Illuminate\Pipeline\Pipeline->then()
#15 /home/updaxrzy/anyework.com/vendor/laravel/framework/src/Illuminate/Queue/CallQueuedHandler.php(70): Illuminate\Queue\CallQueuedHandler->dispatchThroughMiddleware()
#16 /home/updaxrzy/anyework.com/vendor/laravel/framework/src/Illuminate/Queue/Jobs/Job.php(98): Illuminate\Queue\CallQueuedHandler->call()
#17 /home/updaxrzy/anyework.com/vendor/laravel/framework/src/Illuminate/Queue/Worker.php(439): Illuminate\Queue\Jobs\Job->fire()
#18 /home/updaxrzy/anyework.com/vendor/laravel/framework/src/Illuminate/Queue/Worker.php(389): Illuminate\Queue\Worker->process()
#19 /home/updaxrzy/anyework.com/vendor/laravel/framework/src/Illuminate/Queue/Worker.php(176): Illuminate\Queue\Worker->runJob()
#20 /home/updaxrzy/anyework.com/vendor/laravel/framework/src/Illuminate/Queue/Console/WorkCommand.php(137): Illuminate\Queue\Worker->daemon()
#21 /home/updaxrzy/anyework.com/vendor/laravel/framework/src/Illuminate/Queue/Console/WorkCommand.php(120): Illuminate\Queue\Console\WorkCommand->runWorker()
#22 /home/updaxrzy/anyework.com/vendor/laravel/framework/src/Illuminate/Container/BoundMethod.php(36): Illuminate\Queue\Console\WorkCommand->handle()
#23 /home/updaxrzy/anyework.com/vendor/laravel/framework/src/Illuminate/Container/Util.php(41): Illuminate\Container\BoundMethod::Illuminate\Container\{closure}()
#24 /home/updaxrzy/anyework.com/vendor/laravel/framework/src/Illuminate/Container/BoundMethod.php(93): Illuminate\Container\Util::unwrapIfClosure()
#25 /home/updaxrzy/anyework.com/vendor/laravel/framework/src/Illuminate/Container/BoundMethod.php(35): Illuminate\Container\BoundMethod::callBoundMethod()
#26 /home/updaxrzy/anyework.com/vendor/laravel/framework/src/Illuminate/Container/Container.php(662): Illuminate\Container\BoundMethod::call()
#27 /home/updaxrzy/anyework.com/vendor/laravel/framework/src/Illuminate/Console/Command.php(208): Illuminate\Container\Container->call()
#28 /home/updaxrzy/anyework.com/vendor/symfony/console/Command/Command.php(326): Illuminate\Console\Command->execute()
#29 /home/updaxrzy/anyework.com/vendor/laravel/framework/src/Illuminate/Console/Command.php(177): Symfony\Component\Console\Command\Command->run()
#30 /home/updaxrzy/anyework.com/vendor/symfony/console/Application.php(1081): Illuminate\Console\Command->run()
#31 /home/updaxrzy/anyework.com/vendor/symfony/console/Application.php(320): Symfony\Component\Console\Application->doRunCommand()
#32 /home/updaxrzy/anyework.com/vendor/symfony/console/Application.php(174): Symfony\Component\Console\Application->doRun()
#33 /home/updaxrzy/anyework.com/vendor/laravel/framework/src/Illuminate/Console/Application.php(162): Symfony\Component\Console\Application->run()
#34 /home/updaxrzy/anyework.com/vendor/laravel/framework/src/Illuminate/Foundation/Console/Kernel.php(400): Illuminate\Console\Application->call()
#35 /home/updaxrzy/anyework.com/vendor/laravel/framework/src/Illuminate/Support/Facades/Facade.php(353): Illuminate\Foundation\Console\Kernel->call()
#36 /home/updaxrzy/anyework.com/routes/web.php(24): Illuminate\Support\Facades\Facade::__callStatic()
#37 /home/updaxrzy/anyework.com/vendor/laravel/framework/src/Illuminate/Routing/CallableDispatcher.php(40): Illuminate\Routing\RouteFileRegistrar->{closure}()
#38 /home/updaxrzy/anyework.com/vendor/laravel/framework/src/Illuminate/Routing/Route.php(237): Illuminate\Routing\CallableDispatcher->dispatch()
#39 /home/updaxrzy/anyework.com/vendor/laravel/framework/src/Illuminate/Routing/Route.php(208): Illuminate\Routing\Route->runCallable()
#40 /home/updaxrzy/anyework.com/vendor/laravel/framework/src/Illuminate/Routing/Router.php(799): Illuminate\Routing\Route->run()
#41 /home/updaxrzy/anyework.com/vendor/laravel/framework/src/Illuminate/Pipeline/Pipeline.php(141): Illuminate\Routing\Router->Illuminate\Routing\{closure}()
#42 /home/updaxrzy/anyework.com/vendor/ralphjsmit/livewire-urls/src/Middleware/LivewireUrlsMiddleware.php(32): Illuminate\Pipeline\Pipeline->Illuminate\Pipeline\{closure}()
#43 /home/updaxrzy/anyework.com/vendor/laravel/framework/src/Illuminate/Pipeline/Pipeline.php(180): RalphJSmit\Livewire\Urls\Middleware\LivewireUrlsMiddleware->handle()
#44 /home/updaxrzy/anyework.com/app/Http/Middleware/XFrameHeaders.php(31): Illuminate\Pipeline\Pipeline->Illuminate\Pipeline\{closure}()
#45 /home/updaxrzy/anyework.com/vendor/laravel/framework/src/Illuminate/Pipeline/Pipeline.php(180): App\Http\Middleware\XFrameHeaders->handle()
#46 /home/updaxrzy/anyework.com/app/Http/Middleware/UpgradeLevel.php(95): Illuminate\Pipeline\Pipeline->Illuminate\Pipeline\{closure}()
#47 /home/updaxrzy/anyework.com/vendor/laravel/framework/src/Illuminate/Pipeline/Pipeline.php(180): App\Http\Middleware\UpgradeLevel->handle()
#48 /home/updaxrzy/anyework.com/app/Http/Middleware/UserLastActivity.php(25): Illuminate\Pipeline\Pipeline->Illuminate\Pipeline\{closure}()
#49 /home/updaxrzy/anyework.com/vendor/laravel/framework/src/Illuminate/Pipeline/Pipeline.php(180): App\Http\Middleware\UserLastActivity->handle()
#50 /home/updaxrzy/anyework.com/app/Http/Middleware/SetLocale.php(65): Illuminate\Pipeline\Pipeline->Illuminate\Pipeline\{closure}()
#51 /home/updaxrzy/anyework.com/vendor/laravel/framework/src/Illuminate/Pipeline/Pipeline.php(180): App\Http\Middleware\SetLocale->handle()
#52 /home/updaxrzy/anyework.com/vendor/laravel/framework/src/Illuminate/Routing/Middleware/SubstituteBindings.php(50): Illuminate\Pipeline\Pipeline->Illuminate\Pipeline\{closure}()
#53 /home/updaxrzy/anyework.com/vendor/laravel/framework/src/Illuminate/Pipeline/Pipeline.php(180): Illuminate\Routing\Middleware\SubstituteBindings->handle()
#54 /home/updaxrzy/anyework.com/vendor/laravel/framework/src/Illuminate/Session/Middleware/AuthenticateSession.php(41): Illuminate\Pipeline\Pipeline->Illuminate\Pipeline\{closure}()
#55 /home/updaxrzy/anyework.com/vendor/laravel/framework/src/Illuminate/Pipeline/Pipeline.php(180): Illuminate\Session\Middleware\AuthenticateSession->handle()
#56 /home/updaxrzy/anyework.com/vendor/laravel/framework/src/Illuminate/Foundation/Http/Middleware/VerifyCsrfToken.php(78): Illuminate\Pipeline\Pipeline->Illuminate\Pipeline\{closure}()
#57 /home/updaxrzy/anyework.com/app/Http/Middleware/VerifyCsrfToken.php(24): Illuminate\Foundation\Http\Middleware\VerifyCsrfToken->handle()
#58 /home/updaxrzy/anyework.com/vendor/laravel/framework/src/Illuminate/Pipeline/Pipeline.php(180): App\Http\Middleware\VerifyCsrfToken->handle()
#59 /home/updaxrzy/anyework.com/vendor/laravel/framework/src/Illuminate/View/Middleware/ShareErrorsFromSession.php(49): Illuminate\Pipeline\Pipeline->Illuminate\Pipeline\{closure}()
#60 /home/updaxrzy/anyework.com/vendor/laravel/framework/src/Illuminate/Pipeline/Pipeline.php(180): Illuminate\View\Middleware\ShareErrorsFromSession->handle()
#61 /home/updaxrzy/anyework.com/vendor/laravel/framework/src/Illuminate/Session/Middleware/StartSession.php(144): Illuminate\Pipeline\Pipeline->Illuminate\Pipeline\{closure}()
#62 /home/updaxrzy/anyework.com/vendor/laravel/framework/src/Illuminate/Session/Middleware/StartSession.php(87): Illuminate\Session\Middleware\StartSession->handleStatefulRequest()
#63 /home/updaxrzy/anyework.com/vendor/laravel/framework/src/Illuminate/Pipeline/Pipeline.php(180): Illuminate\Session\Middleware\StartSession->handle()
#64 /home/updaxrzy/anyework.com/vendor/laravel/framework/src/Illuminate/Cookie/Middleware/AddQueuedCookiesToResponse.php(37): Illuminate\Pipeline\Pipeline->Illuminate\Pipeline\{closure}()
#65 /home/updaxrzy/anyework.com/vendor/laravel/framework/src/Illuminate/Pipeline/Pipeline.php(180): Illuminate\Cookie\Middleware\AddQueuedCookiesToResponse->handle()
#66 /home/updaxrzy/anyework.com/vendor/laravel/framework/src/Illuminate/Cookie/Middleware/EncryptCookies.php(67): Illuminate\Pipeline\Pipeline->Illuminate\Pipeline\{closure}()
#67 /home/updaxrzy/anyework.com/vendor/laravel/framework/src/Illuminate/Pipeline/Pipeline.php(180): Illuminate\Cookie\Middleware\EncryptCookies->handle()
#68 /home/updaxrzy/anyework.com/vendor/laravel/framework/src/Illuminate/Pipeline/Pipeline.php(116): Illuminate\Pipeline\Pipeline->Illuminate\Pipeline\{closure}()
#69 /home/updaxrzy/anyework.com/vendor/laravel/framework/src/Illuminate/Routing/Router.php(798): Illuminate\Pipeline\Pipeline->then()
#70 /home/updaxrzy/anyework.com/vendor/laravel/framework/src/Illuminate/Routing/Router.php(777): Illuminate\Routing\Router->runRouteWithinStack()
#71 /home/updaxrzy/anyework.com/vendor/laravel/framework/src/Illuminate/Routing/Router.php(741): Illuminate\Routing\Router->runRoute()
#72 /home/updaxrzy/anyework.com/vendor/laravel/framework/src/Illuminate/Routing/Router.php(730): Illuminate\Routing\Router->dispatchToRoute()
#73 /home/updaxrzy/anyework.com/vendor/laravel/framework/src/Illuminate/Foundation/Http/Kernel.php(200): Illuminate\Routing\Router->dispatch()
#74 /home/updaxrzy/anyework.com/vendor/laravel/framework/src/Illuminate/Pipeline/Pipeline.php(141): Illuminate\Foundation\Http\Kernel->Illuminate\Foundation\Http\{closure}()
#75 /home/updaxrzy/anyework.com/vendor/lukeraymonddowning/honey/src/Http/Middleware/BlockSpammers.php(19): Illuminate\Pipeline\Pipeline->Illuminate\Pipeline\{closure}()
#76 /home/updaxrzy/anyework.com/vendor/laravel/framework/src/Illuminate/Pipeline/Pipeline.php(180): Lukeraymonddowning\Honey\Http\Middleware\BlockSpammers->handle()
#77 /home/updaxrzy/anyework.com/vendor/livewire/livewire/src/DisableBrowserCache.php(19): Illuminate\Pipeline\Pipeline->Illuminate\Pipeline\{closure}()
#78 /home/updaxrzy/anyework.com/vendor/laravel/framework/src/Illuminate/Pipeline/Pipeline.php(180): Livewire\DisableBrowserCache->handle()
#79 /home/updaxrzy/anyework.com/vendor/barryvdh/laravel-debugbar/src/Middleware/InjectDebugbar.php(59): Illuminate\Pipeline\Pipeline->Illuminate\Pipeline\{closure}()
#80 /home/updaxrzy/anyework.com/vendor/laravel/framework/src/Illuminate/Pipeline/Pipeline.php(180): Barryvdh\Debugbar\Middleware\InjectDebugbar->handle()
#81 /home/updaxrzy/anyework.com/vendor/laravel/framework/src/Illuminate/Foundation/Http/Middleware/TransformsRequest.php(21): Illuminate\Pipeline\Pipeline->Illuminate\Pipeline\{closure}()
#82 /home/updaxrzy/anyework.com/vendor/laravel/framework/src/Illuminate/Foundation/Http/Middleware/ConvertEmptyStringsToNull.php(31): Illuminate\Foundation\Http\Middleware\TransformsRequest->handle()
#83 /home/updaxrzy/anyework.com/vendor/laravel/framework/src/Illuminate/Pipeline/Pipeline.php(180): Illuminate\Foundation\Http\Middleware\ConvertEmptyStringsToNull->handle()
#84 /home/updaxrzy/anyework.com/vendor/laravel/framework/src/Illuminate/Foundation/Http/Middleware/TransformsRequest.php(21): Illuminate\Pipeline\Pipeline->Illuminate\Pipeline\{closure}()
#85 /home/updaxrzy/anyework.com/vendor/laravel/framework/src/Illuminate/Foundation/Http/Middleware/TrimStrings.php(40): Illuminate\Foundation\Http\Middleware\TransformsRequest->handle()
#86 /home/updaxrzy/anyework.com/vendor/laravel/framework/src/Illuminate/Pipeline/Pipeline.php(180): Illuminate\Foundation\Http\Middleware\TrimStrings->handle()
#87 /home/updaxrzy/anyework.com/vendor/laravel/framework/src/Illuminate/Foundation/Http/Middleware/ValidatePostSize.php(27): Illuminate\Pipeline\Pipeline->Illuminate\Pipeline\{closure}()
#88 /home/updaxrzy/anyework.com/vendor/laravel/framework/src/Illuminate/Pipeline/Pipeline.php(180): Illuminate\Foundation\Http\Middleware\ValidatePostSize->handle()
#89 /home/updaxrzy/anyework.com/vendor/laravel/framework/src/Illuminate/Foundation/Http/Middleware/PreventRequestsDuringMaintenance.php(86): Illuminate\Pipeline\Pipeline->Illuminate\Pipeline\{closure}()
#90 /home/updaxrzy/anyework.com/vendor/laravel/framework/src/Illuminate/Pipeline/Pipeline.php(180): Illuminate\Foundation\Http\Middleware\PreventRequestsDuringMaintenance->handle()
#91 /home/updaxrzy/anyework.com/vendor/laravel/framework/src/Illuminate/Http/Middleware/HandleCors.php(49): Illuminate\Pipeline\Pipeline->Illuminate\Pipeline\{closure}()
#92 /home/updaxrzy/anyework.com/vendor/laravel/framework/src/Illuminate/Pipeline/Pipeline.php(180): Illuminate\Http\Middleware\HandleCors->handle()
#93 /home/updaxrzy/anyework.com/vendor/laravel/framework/src/Illuminate/Http/Middleware/TrustProxies.php(39): Illuminate\Pipeline\Pipeline->Illuminate\Pipeline\{closure}()
#94 /home/updaxrzy/anyework.com/vendor/laravel/framework/src/Illuminate/Pipeline/Pipeline.php(180): Illuminate\Http\Middleware\TrustProxies->handle()
#95 /home/updaxrzy/anyework.com/vendor/laravel/framework/src/Illuminate/Pipeline/Pipeline.php(116): Illuminate\Pipeline\Pipeline->Illuminate\Pipeline\{closure}()
#96 /home/updaxrzy/anyework.com/vendor/laravel/framework/src/Illuminate/Foundation/Http/Kernel.php(175): Illuminate\Pipeline\Pipeline->then()
#97 /home/updaxrzy/anyework.com/vendor/laravel/framework/src/Illuminate/Foundation/Http/Kernel.php(144): Illuminate\Foundation\Http\Kernel->sendRequestThroughRouter()
#98 /home/updaxrzy/anyework.com/index.php(52): Illuminate\Foundation\Http\Kernel->handle()
#99 {main}  
[2024-10-30 13:20:03] production.DEBUG: ErrorException: Undefined array key "category" in /home/updaxrzy/anyework.com/app/Jobs/Main/Service/Track.php:93
Stack trace:
#0 /home/updaxrzy/anyework.com/vendor/laravel/framework/src/Illuminate/Foundation/Bootstrap/HandleExceptions.php(254): Illuminate\Foundation\Bootstrap\HandleExceptions->handleError()
#1 /home/updaxrzy/anyework.com/app/Jobs/Main/Service/Track.php(93): Illuminate\Foundation\Bootstrap\HandleExceptions->Illuminate\Foundation\Bootstrap\{closure}()
#2 /home/updaxrzy/anyework.com/vendor/laravel/framework/src/Illuminate/Container/BoundMethod.php(36): App\Jobs\Main\Service\Track->handle()
#3 /home/updaxrzy/anyework.com/vendor/laravel/framework/src/Illuminate/Container/Util.php(41): Illuminate\Container\BoundMethod::Illuminate\Container\{closure}()
#4 /home/updaxrzy/anyework.com/vendor/laravel/framework/src/Illuminate/Container/BoundMethod.php(93): Illuminate\Container\Util::unwrapIfClosure()
#5 /home/updaxrzy/anyework.com/vendor/laravel/framework/src/Illuminate/Container/BoundMethod.php(35): Illuminate\Container\BoundMethod::callBoundMethod()
#6 /home/updaxrzy/anyework.com/vendor/laravel/framework/src/Illuminate/Container/Container.php(662): Illuminate\Container\BoundMethod::call()
#7 /home/updaxrzy/anyework.com/vendor/laravel/framework/src/Illuminate/Bus/Dispatcher.php(128): Illuminate\Container\Container->call()
#8 /home/updaxrzy/anyework.com/vendor/laravel/framework/src/Illuminate/Pipeline/Pipeline.php(141): Illuminate\Bus\Dispatcher->Illuminate\Bus\{closure}()
#9 /home/updaxrzy/anyework.com/vendor/laravel/framework/src/Illuminate/Pipeline/Pipeline.php(116): Illuminate\Pipeline\Pipeline->Illuminate\Pipeline\{closure}()
#10 /home/updaxrzy/anyework.com/vendor/laravel/framework/src/Illuminate/Bus/Dispatcher.php(132): Illuminate\Pipeline\Pipeline->then()
#11 /home/updaxrzy/anyework.com/vendor/laravel/framework/src/Illuminate/Queue/CallQueuedHandler.php(123): Illuminate\Bus\Dispatcher->dispatchNow()
#12 /home/updaxrzy/anyework.com/vendor/laravel/framework/src/Illuminate/Pipeline/Pipeline.php(141): Illuminate\Queue\CallQueuedHandler->Illuminate\Queue\{closure}()
#13 /home/updaxrzy/anyework.com/vendor/laravel/framework/src/Illuminate/Pipeline/Pipeline.php(116): Illuminate\Pipeline\Pipeline->Illuminate\Pipeline\{closure}()
#14 /home/updaxrzy/anyework.com/vendor/laravel/framework/src/Illuminate/Queue/CallQueuedHandler.php(122): Illuminate\Pipeline\Pipeline->then()
#15 /home/updaxrzy/anyework.com/vendor/laravel/framework/src/Illuminate/Queue/CallQueuedHandler.php(70): Illuminate\Queue\CallQueuedHandler->dispatchThroughMiddleware()
#16 /home/updaxrzy/anyework.com/vendor/laravel/framework/src/Illuminate/Queue/Jobs/Job.php(98): Illuminate\Queue\CallQueuedHandler->call()
#17 /home/updaxrzy/anyework.com/vendor/laravel/framework/src/Illuminate/Queue/Worker.php(439): Illuminate\Queue\Jobs\Job->fire()
#18 /home/updaxrzy/anyework.com/vendor/laravel/framework/src/Illuminate/Queue/Worker.php(389): Illuminate\Queue\Worker->process()
#19 /home/updaxrzy/anyework.com/vendor/laravel/framework/src/Illuminate/Queue/Worker.php(176): Illuminate\Queue\Worker->runJob()
#20 /home/updaxrzy/anyework.com/vendor/laravel/framework/src/Illuminate/Queue/Console/WorkCommand.php(137): Illuminate\Queue\Worker->daemon()
#21 /home/updaxrzy/anyework.com/vendor/laravel/framework/src/Illuminate/Queue/Console/WorkCommand.php(120): Illuminate\Queue\Console\WorkCommand->runWorker()
#22 /home/updaxrzy/anyework.com/vendor/laravel/framework/src/Illuminate/Container/BoundMethod.php(36): Illuminate\Queue\Console\WorkCommand->handle()
#23 /home/updaxrzy/anyework.com/vendor/laravel/framework/src/Illuminate/Container/Util.php(41): Illuminate\Container\BoundMethod::Illuminate\Container\{closure}()
#24 /home/updaxrzy/anyework.com/vendor/laravel/framework/src/Illuminate/Container/BoundMethod.php(93): Illuminate\Container\Util::unwrapIfClosure()
#25 /home/updaxrzy/anyework.com/vendor/laravel/framework/src/Illuminate/Container/BoundMethod.php(35): Illuminate\Container\BoundMethod::callBoundMethod()
#26 /home/updaxrzy/anyework.com/vendor/laravel/framework/src/Illuminate/Container/Container.php(662): Illuminate\Container\BoundMethod::call()
#27 /home/updaxrzy/anyework.com/vendor/laravel/framework/src/Illuminate/Console/Command.php(208): Illuminate\Container\Container->call()
#28 /home/updaxrzy/anyework.com/vendor/symfony/console/Command/Command.php(326): Illuminate\Console\Command->execute()
#29 /home/updaxrzy/anyework.com/vendor/laravel/framework/src/Illuminate/Console/Command.php(177): Symfony\Component\Console\Command\Command->run()
#30 /home/updaxrzy/anyework.com/vendor/symfony/console/Application.php(1081): Illuminate\Console\Command->run()
#31 /home/updaxrzy/anyework.com/vendor/symfony/console/Application.php(320): Symfony\Component\Console\Application->doRunCommand()
#32 /home/updaxrzy/anyework.com/vendor/symfony/console/Application.php(174): Symfony\Component\Console\Application->doRun()
#33 /home/updaxrzy/anyework.com/vendor/laravel/framework/src/Illuminate/Console/Application.php(162): Symfony\Component\Console\Application->run()
#34 /home/updaxrzy/anyework.com/vendor/laravel/framework/src/Illuminate/Foundation/Console/Kernel.php(400): Illuminate\Console\Application->call()
#35 /home/updaxrzy/anyework.com/vendor/laravel/framework/src/Illuminate/Support/Facades/Facade.php(353): Illuminate\Foundation\Console\Kernel->call()
#36 /home/updaxrzy/anyework.com/routes/web.php(24): Illuminate\Support\Facades\Facade::__callStatic()
#37 /home/updaxrzy/anyework.com/vendor/laravel/framework/src/Illuminate/Routing/CallableDispatcher.php(40): Illuminate\Routing\RouteFileRegistrar->{closure}()
#38 /home/updaxrzy/anyework.com/vendor/laravel/framework/src/Illuminate/Routing/Route.php(237): Illuminate\Routing\CallableDispatcher->dispatch()
#39 /home/updaxrzy/anyework.com/vendor/laravel/framework/src/Illuminate/Routing/Route.php(208): Illuminate\Routing\Route->runCallable()
#40 /home/updaxrzy/anyework.com/vendor/laravel/framework/src/Illuminate/Routing/Router.php(799): Illuminate\Routing\Route->run()
#41 /home/updaxrzy/anyework.com/vendor/laravel/framework/src/Illuminate/Pipeline/Pipeline.php(141): Illuminate\Routing\Router->Illuminate\Routing\{closure}()
#42 /home/updaxrzy/anyework.com/vendor/ralphjsmit/livewire-urls/src/Middleware/LivewireUrlsMiddleware.php(32): Illuminate\Pipeline\Pipeline->Illuminate\Pipeline\{closure}()
#43 /home/updaxrzy/anyework.com/vendor/laravel/framework/src/Illuminate/Pipeline/Pipeline.php(180): RalphJSmit\Livewire\Urls\Middleware\LivewireUrlsMiddleware->handle()
#44 /home/updaxrzy/anyework.com/app/Http/Middleware/XFrameHeaders.php(31): Illuminate\Pipeline\Pipeline->Illuminate\Pipeline\{closure}()
#45 /home/updaxrzy/anyework.com/vendor/laravel/framework/src/Illuminate/Pipeline/Pipeline.php(180): App\Http\Middleware\XFrameHeaders->handle()
#46 /home/updaxrzy/anyework.com/app/Http/Middleware/UpgradeLevel.php(95): Illuminate\Pipeline\Pipeline->Illuminate\Pipeline\{closure}()
#47 /home/updaxrzy/anyework.com/vendor/laravel/framework/src/Illuminate/Pipeline/Pipeline.php(180): App\Http\Middleware\UpgradeLevel->handle()
#48 /home/updaxrzy/anyework.com/app/Http/Middleware/UserLastActivity.php(25): Illuminate\Pipeline\Pipeline->Illuminate\Pipeline\{closure}()
#49 /home/updaxrzy/anyework.com/vendor/laravel/framework/src/Illuminate/Pipeline/Pipeline.php(180): App\Http\Middleware\UserLastActivity->handle()
#50 /home/updaxrzy/anyework.com/app/Http/Middleware/SetLocale.php(65): Illuminate\Pipeline\Pipeline->Illuminate\Pipeline\{closure}()
#51 /home/updaxrzy/anyework.com/vendor/laravel/framework/src/Illuminate/Pipeline/Pipeline.php(180): App\Http\Middleware\SetLocale->handle()
#52 /home/updaxrzy/anyework.com/vendor/laravel/framework/src/Illuminate/Routing/Middleware/SubstituteBindings.php(50): Illuminate\Pipeline\Pipeline->Illuminate\Pipeline\{closure}()
#53 /home/updaxrzy/anyework.com/vendor/laravel/framework/src/Illuminate/Pipeline/Pipeline.php(180): Illuminate\Routing\Middleware\SubstituteBindings->handle()
#54 /home/updaxrzy/anyework.com/vendor/laravel/framework/src/Illuminate/Session/Middleware/AuthenticateSession.php(41): Illuminate\Pipeline\Pipeline->Illuminate\Pipeline\{closure}()
#55 /home/updaxrzy/anyework.com/vendor/laravel/framework/src/Illuminate/Pipeline/Pipeline.php(180): Illuminate\Session\Middleware\AuthenticateSession->handle()
#56 /home/updaxrzy/anyework.com/vendor/laravel/framework/src/Illuminate/Foundation/Http/Middleware/VerifyCsrfToken.php(78): Illuminate\Pipeline\Pipeline->Illuminate\Pipeline\{closure}()
#57 /home/updaxrzy/anyework.com/app/Http/Middleware/VerifyCsrfToken.php(24): Illuminate\Foundation\Http\Middleware\VerifyCsrfToken->handle()
#58 /home/updaxrzy/anyework.com/vendor/laravel/framework/src/Illuminate/Pipeline/Pipeline.php(180): App\Http\Middleware\VerifyCsrfToken->handle()
#59 /home/updaxrzy/anyework.com/vendor/laravel/framework/src/Illuminate/View/Middleware/ShareErrorsFromSession.php(49): Illuminate\Pipeline\Pipeline->Illuminate\Pipeline\{closure}()
#60 /home/updaxrzy/anyework.com/vendor/laravel/framework/src/Illuminate/Pipeline/Pipeline.php(180): Illuminate\View\Middleware\ShareErrorsFromSession->handle()
#61 /home/updaxrzy/anyework.com/vendor/laravel/framework/src/Illuminate/Session/Middleware/StartSession.php(144): Illuminate\Pipeline\Pipeline->Illuminate\Pipeline\{closure}()
#62 /home/updaxrzy/anyework.com/vendor/laravel/framework/src/Illuminate/Session/Middleware/StartSession.php(87): Illuminate\Session\Middleware\StartSession->handleStatefulRequest()
#63 /home/updaxrzy/anyework.com/vendor/laravel/framework/src/Illuminate/Pipeline/Pipeline.php(180): Illuminate\Session\Middleware\StartSession->handle()
#64 /home/updaxrzy/anyework.com/vendor/laravel/framework/src/Illuminate/Cookie/Middleware/AddQueuedCookiesToResponse.php(37): Illuminate\Pipeline\Pipeline->Illuminate\Pipeline\{closure}()
#65 /home/updaxrzy/anyework.com/vendor/laravel/framework/src/Illuminate/Pipeline/Pipeline.php(180): Illuminate\Cookie\Middleware\AddQueuedCookiesToResponse->handle()
#66 /home/updaxrzy/anyework.com/vendor/laravel/framework/src/Illuminate/Cookie/Middleware/EncryptCookies.php(67): Illuminate\Pipeline\Pipeline->Illuminate\Pipeline\{closure}()
#67 /home/updaxrzy/anyework.com/vendor/laravel/framework/src/Illuminate/Pipeline/Pipeline.php(180): Illuminate\Cookie\Middleware\EncryptCookies->handle()
#68 /home/updaxrzy/anyework.com/vendor/laravel/framework/src/Illuminate/Pipeline/Pipeline.php(116): Illuminate\Pipeline\Pipeline->Illuminate\Pipeline\{closure}()
#69 /home/updaxrzy/anyework.com/vendor/laravel/framework/src/Illuminate/Routing/Router.php(798): Illuminate\Pipeline\Pipeline->then()
#70 /home/updaxrzy/anyework.com/vendor/laravel/framework/src/Illuminate/Routing/Router.php(777): Illuminate\Routing\Router->runRouteWithinStack()
#71 /home/updaxrzy/anyework.com/vendor/laravel/framework/src/Illuminate/Routing/Router.php(741): Illuminate\Routing\Router->runRoute()
#72 /home/updaxrzy/anyework.com/vendor/laravel/framework/src/Illuminate/Routing/Router.php(730): Illuminate\Routing\Router->dispatchToRoute()
#73 /home/updaxrzy/anyework.com/vendor/laravel/framework/src/Illuminate/Foundation/Http/Kernel.php(200): Illuminate\Routing\Router->dispatch()
#74 /home/updaxrzy/anyework.com/vendor/laravel/framework/src/Illuminate/Pipeline/Pipeline.php(141): Illuminate\Foundation\Http\Kernel->Illuminate\Foundation\Http\{closure}()
#75 /home/updaxrzy/anyework.com/vendor/lukeraymonddowning/honey/src/Http/Middleware/BlockSpammers.php(19): Illuminate\Pipeline\Pipeline->Illuminate\Pipeline\{closure}()
#76 /home/updaxrzy/anyework.com/vendor/laravel/framework/src/Illuminate/Pipeline/Pipeline.php(180): Lukeraymonddowning\Honey\Http\Middleware\BlockSpammers->handle()
#77 /home/updaxrzy/anyework.com/vendor/livewire/livewire/src/DisableBrowserCache.php(19): Illuminate\Pipeline\Pipeline->Illuminate\Pipeline\{closure}()
#78 /home/updaxrzy/anyework.com/vendor/laravel/framework/src/Illuminate/Pipeline/Pipeline.php(180): Livewire\DisableBrowserCache->handle()
#79 /home/updaxrzy/anyework.com/vendor/barryvdh/laravel-debugbar/src/Middleware/InjectDebugbar.php(59): Illuminate\Pipeline\Pipeline->Illuminate\Pipeline\{closure}()
#80 /home/updaxrzy/anyework.com/vendor/laravel/framework/src/Illuminate/Pipeline/Pipeline.php(180): Barryvdh\Debugbar\Middleware\InjectDebugbar->handle()
#81 /home/updaxrzy/anyework.com/vendor/laravel/framework/src/Illuminate/Foundation/Http/Middleware/TransformsRequest.php(21): Illuminate\Pipeline\Pipeline->Illuminate\Pipeline\{closure}()
#82 /home/updaxrzy/anyework.com/vendor/laravel/framework/src/Illuminate/Foundation/Http/Middleware/ConvertEmptyStringsToNull.php(31): Illuminate\Foundation\Http\Middleware\TransformsRequest->handle()
#83 /home/updaxrzy/anyework.com/vendor/laravel/framework/src/Illuminate/Pipeline/Pipeline.php(180): Illuminate\Foundation\Http\Middleware\ConvertEmptyStringsToNull->handle()
#84 /home/updaxrzy/anyework.com/vendor/laravel/framework/src/Illuminate/Foundation/Http/Middleware/TransformsRequest.php(21): Illuminate\Pipeline\Pipeline->Illuminate\Pipeline\{closure}()
#85 /home/updaxrzy/anyework.com/vendor/laravel/framework/src/Illuminate/Foundation/Http/Middleware/TrimStrings.php(40): Illuminate\Foundation\Http\Middleware\TransformsRequest->handle()
#86 /home/updaxrzy/anyework.com/vendor/laravel/framework/src/Illuminate/Pipeline/Pipeline.php(180): Illuminate\Foundation\Http\Middleware\TrimStrings->handle()
#87 /home/updaxrzy/anyework.com/vendor/laravel/framework/src/Illuminate/Foundation/Http/Middleware/ValidatePostSize.php(27): Illuminate\Pipeline\Pipeline->Illuminate\Pipeline\{closure}()
#88 /home/updaxrzy/anyework.com/vendor/laravel/framework/src/Illuminate/Pipeline/Pipeline.php(180): Illuminate\Foundation\Http\Middleware\ValidatePostSize->handle()
#89 /home/updaxrzy/anyework.com/vendor/laravel/framework/src/Illuminate/Foundation/Http/Middleware/PreventRequestsDuringMaintenance.php(86): Illuminate\Pipeline\Pipeline->Illuminate\Pipeline\{closure}()
#90 /home/updaxrzy/anyework.com/vendor/laravel/framework/src/Illuminate/Pipeline/Pipeline.php(180): Illuminate\Foundation\Http\Middleware\PreventRequestsDuringMaintenance->handle()
#91 /home/updaxrzy/anyework.com/vendor/laravel/framework/src/Illuminate/Http/Middleware/HandleCors.php(49): Illuminate\Pipeline\Pipeline->Illuminate\Pipeline\{closure}()
#92 /home/updaxrzy/anyework.com/vendor/laravel/framework/src/Illuminate/Pipeline/Pipeline.php(180): Illuminate\Http\Middleware\HandleCors->handle()
#93 /home/updaxrzy/anyework.com/vendor/laravel/framework/src/Illuminate/Http/Middleware/TrustProxies.php(39): Illuminate\Pipeline\Pipeline->Illuminate\Pipeline\{closure}()
#94 /home/updaxrzy/anyework.com/vendor/laravel/framework/src/Illuminate/Pipeline/Pipeline.php(180): Illuminate\Http\Middleware\TrustProxies->handle()
#95 /home/updaxrzy/anyework.com/vendor/laravel/framework/src/Illuminate/Pipeline/Pipeline.php(116): Illuminate\Pipeline\Pipeline->Illuminate\Pipeline\{closure}()
#96 /home/updaxrzy/anyework.com/vendor/laravel/framework/src/Illuminate/Foundation/Http/Kernel.php(175): Illuminate\Pipeline\Pipeline->then()
#97 /home/updaxrzy/anyework.com/vendor/laravel/framework/src/Illuminate/Foundation/Http/Kernel.php(144): Illuminate\Foundation\Http\Kernel->sendRequestThroughRouter()
#98 /home/updaxrzy/anyework.com/index.php(52): Illuminate\Foundation\Http\Kernel->handle()
#99 {main}  
